106.11.09 11:20 B C:\LecteurD\W_francois\PCBackup\Mes documents\PowerpointFrancois\sif1015\SourcesProgLINUX\Chapter12\client.c --> linux04.uqtr.ca /home/meunier/public_html/sif1015/exemples/Chapter12 client.c
106.11.09 11:20 B C:\LecteurD\W_francois\PCBackup\Mes documents\PowerpointFrancois\sif1015\SourcesProgLINUX\Chapter12\client.h --> linux04.uqtr.ca /home/meunier/public_html/sif1015/exemples/Chapter12 client.h
106.11.09 11:20 B C:\LecteurD\W_francois\PCBackup\Mes documents\PowerpointFrancois\sif1015\SourcesProgLINUX\Chapter12\fifo1.c --> linux04.uqtr.ca /home/meunier/public_html/sif1015/exemples/Chapter12 fifo1.c
106.11.09 11:20 B C:\LecteurD\W_francois\PCBackup\Mes documents\PowerpointFrancois\sif1015\SourcesProgLINUX\Chapter12\fifo2.c --> linux04.uqtr.ca /home/meunier/public_html/sif1015/exemples/Chapter12 fifo2.c
106.11.09 11:20 B C:\LecteurD\W_francois\PCBackup\Mes documents\PowerpointFrancois\sif1015\SourcesProgLINUX\Chapter12\fifo3.c --> linux04.uqtr.ca /home/meunier/public_html/sif1015/exemples/Chapter12 fifo3.c
106.11.09 11:20 B C:\LecteurD\W_francois\PCBackup\Mes documents\PowerpointFrancois\sif1015\SourcesProgLINUX\Chapter12\fifo4.c --> linux04.uqtr.ca /home/meunier/public_html/sif1015/exemples/Chapter12 fifo4.c
106.11.09 11:20 B C:\LecteurD\W_francois\PCBackup\Mes documents\PowerpointFrancois\sif1015\SourcesProgLINUX\Chapter12\pipe1.c --> linux04.uqtr.ca /home/meunier/public_html/sif1015/exemples/Chapter12 pipe1.c
106.11.09 11:20 B C:\LecteurD\W_francois\PCBackup\Mes documents\PowerpointFrancois\sif1015\SourcesProgLINUX\Chapter12\pipe2.c --> linux04.uqtr.ca /home/meunier/public_html/sif1015/exemples/Chapter12 pipe2.c
106.11.09 11:20 B C:\LecteurD\W_francois\PCBackup\Mes documents\PowerpointFrancois\sif1015\SourcesProgLINUX\Chapter12\pipe3.c --> linux04.uqtr.ca /home/meunier/public_html/sif1015/exemples/Chapter12 pipe3.c
106.11.09 11:20 B C:\LecteurD\W_francois\PCBackup\Mes documents\PowerpointFrancois\sif1015\SourcesProgLINUX\Chapter12\pipe4.c --> linux04.uqtr.ca /home/meunier/public_html/sif1015/exemples/Chapter12 pipe4.c
106.11.09 11:20 B C:\LecteurD\W_francois\PCBackup\Mes documents\PowerpointFrancois\sif1015\SourcesProgLINUX\Chapter12\pipe5.c --> linux04.uqtr.ca /home/meunier/public_html/sif1015/exemples/Chapter12 pipe5.c
106.11.09 11:20 B C:\LecteurD\W_francois\PCBackup\Mes documents\PowerpointFrancois\sif1015\SourcesProgLINUX\Chapter12\popen1.c --> linux04.uqtr.ca /home/meunier/public_html/sif1015/exemples/Chapter12 popen1.c
106.11.09 11:20 B C:\LecteurD\W_francois\PCBackup\Mes documents\PowerpointFrancois\sif1015\SourcesProgLINUX\Chapter12\popen2.c --> linux04.uqtr.ca /home/meunier/public_html/sif1015/exemples/Chapter12 popen2.c
106.11.09 11:20 B C:\LecteurD\W_francois\PCBackup\Mes documents\PowerpointFrancois\sif1015\SourcesProgLINUX\Chapter12\popen3.c --> linux04.uqtr.ca /home/meunier/public_html/sif1015/exemples/Chapter12 popen3.c
106.11.09 11:20 B C:\LecteurD\W_francois\PCBackup\Mes documents\PowerpointFrancois\sif1015\SourcesProgLINUX\Chapter12\popen4.c --> linux04.uqtr.ca /home/meunier/public_html/sif1015/exemples/Chapter12 popen4.c
106.11.09 11:20 B C:\LecteurD\W_francois\PCBackup\Mes documents\PowerpointFrancois\sif1015\SourcesProgLINUX\Chapter12\readme12 --> linux04.uqtr.ca /home/meunier/public_html/sif1015/exemples/Chapter12 readme12
106.11.09 11:20 B C:\LecteurD\W_francois\PCBackup\Mes documents\PowerpointFrancois\sif1015\SourcesProgLINUX\Chapter12\server.c --> linux04.uqtr.ca /home/meunier/public_html/sif1015/exemples/Chapter12 server.c
106.11.09 11:23 B C:\LecteurD\W_francois\PCBackup\Mes documents\PowerpointFrancois\sif1015\SourcesProgLINUX\Chapter12\client.c --> triton.uqtr.ca /ftp/pub/dmat/meunier/sif1015/exemples/Chapter12 client.c
106.11.09 11:23 B C:\LecteurD\W_francois\PCBackup\Mes documents\PowerpointFrancois\sif1015\SourcesProgLINUX\Chapter12\client.h --> triton.uqtr.ca /ftp/pub/dmat/meunier/sif1015/exemples/Chapter12 client.h
106.11.09 11:23 B C:\LecteurD\W_francois\PCBackup\Mes documents\PowerpointFrancois\sif1015\SourcesProgLINUX\Chapter12\fifo1.c --> triton.uqtr.ca /ftp/pub/dmat/meunier/sif1015/exemples/Chapter12 fifo1.c
106.11.09 11:23 B C:\LecteurD\W_francois\PCBackup\Mes documents\PowerpointFrancois\sif1015\SourcesProgLINUX\Chapter12\fifo2.c --> triton.uqtr.ca /ftp/pub/dmat/meunier/sif1015/exemples/Chapter12 fifo2.c
106.11.09 11:23 B C:\LecteurD\W_francois\PCBackup\Mes documents\PowerpointFrancois\sif1015\SourcesProgLINUX\Chapter12\fifo3.c --> triton.uqtr.ca /ftp/pub/dmat/meunier/sif1015/exemples/Chapter12 fifo3.c
106.11.09 11:23 B C:\LecteurD\W_francois\PCBackup\Mes documents\PowerpointFrancois\sif1015\SourcesProgLINUX\Chapter12\fifo4.c --> triton.uqtr.ca /ftp/pub/dmat/meunier/sif1015/exemples/Chapter12 fifo4.c
106.11.09 11:23 B C:\LecteurD\W_francois\PCBackup\Mes documents\PowerpointFrancois\sif1015\SourcesProgLINUX\Chapter12\pipe1.c --> triton.uqtr.ca /ftp/pub/dmat/meunier/sif1015/exemples/Chapter12 pipe1.c
106.11.09 11:23 B C:\LecteurD\W_francois\PCBackup\Mes documents\PowerpointFrancois\sif1015\SourcesProgLINUX\Chapter12\pipe2.c --> triton.uqtr.ca /ftp/pub/dmat/meunier/sif1015/exemples/Chapter12 pipe2.c
106.11.09 11:23 B C:\LecteurD\W_francois\PCBackup\Mes documents\PowerpointFrancois\sif1015\SourcesProgLINUX\Chapter12\pipe3.c --> triton.uqtr.ca /ftp/pub/dmat/meunier/sif1015/exemples/Chapter12 pipe3.c
106.11.09 11:23 B C:\LecteurD\W_francois\PCBackup\Mes documents\PowerpointFrancois\sif1015\SourcesProgLINUX\Chapter12\pipe4.c --> triton.uqtr.ca /ftp/pub/dmat/meunier/sif1015/exemples/Chapter12 pipe4.c
106.11.09 11:23 B C:\LecteurD\W_francois\PCBackup\Mes documents\PowerpointFrancois\sif1015\SourcesProgLINUX\Chapter12\pipe5.c --> triton.uqtr.ca /ftp/pub/dmat/meunier/sif1015/exemples/Chapter12 pipe5.c
106.11.09 11:23 B C:\LecteurD\W_francois\PCBackup\Mes documents\PowerpointFrancois\sif1015\SourcesProgLINUX\Chapter12\popen1.c --> triton.uqtr.ca /ftp/pub/dmat/meunier/sif1015/exemples/Chapter12 popen1.c
106.11.09 11:23 B C:\LecteurD\W_francois\PCBackup\Mes documents\PowerpointFrancois\sif1015\SourcesProgLINUX\Chapter12\popen2.c --> triton.uqtr.ca /ftp/pub/dmat/meunier/sif1015/exemples/Chapter12 popen2.c
106.11.09 11:23 B C:\LecteurD\W_francois\PCBackup\Mes documents\PowerpointFrancois\sif1015\SourcesProgLINUX\Chapter12\popen3.c --> triton.uqtr.ca /ftp/pub/dmat/meunier/sif1015/exemples/Chapter12 popen3.c
106.11.09 11:23 B C:\LecteurD\W_francois\PCBackup\Mes documents\PowerpointFrancois\sif1015\SourcesProgLINUX\Chapter12\popen4.c --> triton.uqtr.ca /ftp/pub/dmat/meunier/sif1015/exemples/Chapter12 popen4.c
106.11.09 11:23 B C:\LecteurD\W_francois\PCBackup\Mes documents\PowerpointFrancois\sif1015\SourcesProgLINUX\Chapter12\readme12 --> triton.uqtr.ca /ftp/pub/dmat/meunier/sif1015/exemples/Chapter12 readme12
106.11.09 11:23 B C:\LecteurD\W_francois\PCBackup\Mes documents\PowerpointFrancois\sif1015\SourcesProgLINUX\Chapter12\server.c --> triton.uqtr.ca /ftp/pub/dmat/meunier/sif1015/exemples/Chapter12 server.c
